Ekspedisi/app/build/intermediates/manifest_merge_blame_file/debug/manifest-merger-blame-debug-report.txt
1<?xml version="1.0" encoding="utf-8"?>
2<manifest xmlns:android="http://schemas.android.com/apk/res/android"
3    package="com.azhar.rajaongkir"
4    android:versionCode="1"
5    android:versionName="1.0" >
6
7    <uses-sdk
8        android:minSdkVersion="21"
8-->src/main/AndroidManifest.xml
9        android:targetSdkVersion="29" />
9-->src/main/AndroidManifest.xml
10
11    <uses-permission android:name="android.permission.INTERNET" />
11-->src/main/AndroidManifest.xml:6:5-67
11-->src/main/AndroidManifest.xml:6:22-64
12
13    <application
13-->src/main/AndroidManifest.xml:8:5-28:19
14        android:allowBackup="true"
14-->src/main/AndroidManifest.xml:9:9-35
15        android:appComponentFactory="androidx.core.app.CoreComponentFactory"
15-->[androidx.core:core:1.3.2] AndroidManifest.xml:24:18-86
16        android:debuggable="true"
17        android:icon="@mipmap/ic_launcher"
17-->src/main/AndroidManifest.xml:10:9-43
18        android:label="@string/app_name"
18-->src/main/AndroidManifest.xml:11:9-41
19        android:roundIcon="@mipmap/ic_launcher_round"
19-->src/main/AndroidManifest.xml:12:9-54
20        android:supportsRtl="true"
20-->src/main/AndroidManifest.xml:13:9-35
21        android:testOnly="true"
22        android:theme="@style/AppTheme"
22-->src/main/AndroidManifest.xml:14:9-40
23        android:usesCleartextTraffic="true" >
23-->src/main/AndroidManifest.xml:15:9-44
24        <activity
24-->src/main/AndroidManifest.xml:17:9-26:20
25            android:name="com.project.rajaongkir.ui.home.MainActivity"
25-->src/main/AndroidManifest.xml:18:13-71
26            android:configChanges="keyboardHidden|orientation|screenSize"
26-->src/main/AndroidManifest.xml:19:13-74
27            android:windowSoftInputMode="adjustPan" >
27-->src/main/AndroidManifest.xml:20:13-52
28            <intent-filter>
28-->src/main/AndroidManifest.xml:21:13-25:29
29                <action android:name="android.intent.action.MAIN" />
29-->src/main/AndroidManifest.xml:22:17-69
29-->src/main/AndroidManifest.xml:22:25-66
30
31                <category android:name="android.intent.category.LAUNCHER" />
31-->src/main/AndroidManifest.xml:24:17-77
31-->src/main/AndroidManifest.xml:24:27-74
32            </intent-filter>
33        </activity>
34        <activity android:name="com.project.rajaongkir.ui.search.SearchCityActivity" />
34-->src/main/AndroidManifest.xml:27:9-88
34-->src/main/AndroidManifest.xml:27:19-85
35    </application>
36
37</manifest>